<?xml version="1.0" encoding="UTF-8"?>
<testng-results ignored="0" total="1" passed="1" failed="0" skipped="0">
  <reporter-output>
  </reporter-output>
  <suite started-at="2023-02-23T16:06:53 IST" name="Default suite" finished-at="2023-02-23T16:08:55 IST" duration-ms="122721">
    <groups>
    </groups>
    <test started-at="2023-02-23T16:06:53 IST" name="Default test" finished-at="2023-02-23T16:08:55 IST" duration-ms="122721">
      <class name="com.A.TicketingTool.Valid.Scenarios.TC_01_Login">
        <test-method is-config="true" signature="Startbrowser()[pri:0, instance:com.A.TicketingTool.Valid.Scenarios.TC_01_Login@738dc9b]" started-at="2023-02-23T16:06:53 IST" name="Startbrowser" finished-at="2023-02-23T16:08:50 IST" duration-ms="117246" status="PASS">
          <reporter-output>
          </reporter-output>
        </test-method> <!-- Startbrowser -->
        <test-method signature="Login()[pri:0, instance:com.A.TicketingTool.Valid.Scenarios.TC_01_Login@738dc9b]" started-at="2023-02-23T16:08:50 IST" name="Login" finished-at="2023-02-23T16:08:55 IST" duration-ms="5437" status="PASS">
          <reporter-output>
          </reporter-output>
        </test-method> <!-- Login -->
      </class> <!-- com.A.TicketingTool.Valid.Scenarios.TC_01_Login -->
    </test> <!-- Default test -->
  </suite> <!-- Default suite -->
</testng-results>
